2026-01-22 01:02:11 | INFO     | logger:52 | Logger initialized. Writing logs to logs/run_20260122_010211.log
2026-01-22 01:02:12 | INFO     | main:33 | Fetching Training Data (2010-01-01 -> 2024-12-31)
2026-01-22 01:02:25 | INFO     | main:49 | DAM Generator Loaded.
2026-01-22 01:02:25 | INFO     | ipm:28 | Pre-training IPM for 50 epochs.
2026-01-22 01:02:30 | INFO     | ipm:81 | IPM Pre-training Completed.
2026-01-22 01:02:30 | INFO     | ipm:85 | IPM Frozen for RL training.
2026-01-22 01:02:30 | INFO     | main:57 | Starting RL Training.
2026-01-22 01:03:06 | INFO     | main:128 | Ep 001 | Rew: -174.54 | Val:   11676.21 | EMA:   10167.62 | Noise: 0.050 | Oracle: 1.00
2026-01-22 01:03:41 | INFO     | main:128 | Ep 002 | Rew: -245.14 | Val:    6167.80 | EMA:    9767.64 | Noise: 0.050 | Oracle: 0.99
2026-01-22 01:04:17 | INFO     | main:128 | Ep 003 | Rew: -128.64 | Val:   21038.78 | EMA:   10894.75 | Noise: 0.049 | Oracle: 0.98
2026-01-22 01:04:55 | INFO     | main:128 | Ep 004 | Rew:  -64.36 | Val:   36051.72 | EMA:   13410.45 | Noise: 0.049 | Oracle: 0.97
2026-01-22 01:05:33 | INFO     | main:128 | Ep 005 | Rew: -121.76 | Val:   18302.22 | EMA:   13899.63 | Noise: 0.048 | Oracle: 0.96
2026-01-22 01:06:08 | INFO     | main:128 | Ep 006 | Rew: -231.10 | Val:    8024.34 | EMA:   13312.10 | Noise: 0.048 | Oracle: 0.95
2026-01-22 01:06:44 | INFO     | main:128 | Ep 007 | Rew: -167.60 | Val:   21745.68 | EMA:   14155.46 | Noise: 0.047 | Oracle: 0.94
2026-01-22 01:07:20 | INFO     | main:128 | Ep 008 | Rew: -233.22 | Val:    9198.80 | EMA:   13659.79 | Noise: 0.046 | Oracle: 0.93
2026-01-22 01:07:56 | INFO     | main:128 | Ep 009 | Rew: -114.23 | Val:   26910.32 | EMA:   14984.84 | Noise: 0.046 | Oracle: 0.92
2026-01-22 01:08:31 | INFO     | main:128 | Ep 010 | Rew: -151.34 | Val:   17605.79 | EMA:   15246.94 | Noise: 0.046 | Oracle: 0.91
2026-01-22 01:09:07 | INFO     | main:128 | Ep 011 | Rew:  -88.05 | Val:   43824.74 | EMA:   18104.72 | Noise: 0.045 | Oracle: 0.90
2026-01-22 01:09:43 | INFO     | main:128 | Ep 012 | Rew:  -84.77 | Val:   31491.69 | EMA:   19443.42 | Noise: 0.045 | Oracle: 0.89
2026-01-22 01:10:19 | INFO     | main:128 | Ep 013 | Rew: -141.65 | Val:   20295.75 | EMA:   19528.65 | Noise: 0.044 | Oracle: 0.88
2026-01-22 01:10:55 | INFO     | main:128 | Ep 014 | Rew: -160.36 | Val:   17833.01 | EMA:   19359.09 | Noise: 0.044 | Oracle: 0.87
2026-01-22 01:11:31 | INFO     | main:128 | Ep 015 | Rew: -222.75 | Val:    8882.07 | EMA:   18311.38 | Noise: 0.043 | Oracle: 0.86
2026-01-22 01:12:10 | INFO     | main:128 | Ep 016 | Rew:  -53.52 | Val:   60641.00 | EMA:   22544.35 | Noise: 0.043 | Oracle: 0.85
2026-01-22 01:12:51 | INFO     | main:128 | Ep 017 | Rew:  -72.60 | Val:   50079.51 | EMA:   25297.86 | Noise: 0.042 | Oracle: 0.84
2026-01-22 01:13:33 | INFO     | main:128 | Ep 018 | Rew:  -76.36 | Val:   51243.74 | EMA:   27892.45 | Noise: 0.042 | Oracle: 0.83
2026-01-22 01:14:15 | INFO     | main:128 | Ep 019 | Rew:  -62.87 | Val:   51844.41 | EMA:   30287.65 | Noise: 0.041 | Oracle: 0.82
2026-01-22 01:14:57 | INFO     | main:128 | Ep 020 | Rew: -106.48 | Val:   30703.03 | EMA:   30329.18 | Noise: 0.041 | Oracle: 0.81
2026-01-22 01:14:57 | INFO     | main:151 | Best Model Saved: EMA Value: 30329.18
2026-01-22 01:15:39 | INFO     | main:128 | Ep 021 | Rew: -134.39 | Val:   23967.85 | EMA:   29693.05 | Noise: 0.040 | Oracle: 0.80
2026-01-22 01:16:21 | INFO     | main:128 | Ep 022 | Rew:  -37.87 | Val:   75968.84 | EMA:   34320.63 | Noise: 0.040 | Oracle: 0.79
2026-01-22 01:16:21 | INFO     | main:151 | Best Model Saved: EMA Value: 34320.63
2026-01-22 01:17:03 | INFO     | main:128 | Ep 023 | Rew: -110.86 | Val:   42178.24 | EMA:   35106.39 | Noise: 0.039 | Oracle: 0.78
2026-01-22 01:17:03 | INFO     | main:151 | Best Model Saved: EMA Value: 35106.39
2026-01-22 01:17:45 | INFO     | main:128 | Ep 024 | Rew: -216.01 | Val:   10909.00 | EMA:   32686.65 | Noise: 0.039 | Oracle: 0.77
2026-01-22 01:18:27 | INFO     | main:128 | Ep 025 | Rew: -190.95 | Val:   24174.54 | EMA:   31835.44 | Noise: 0.038 | Oracle: 0.76
2026-01-22 01:19:09 | INFO     | main:128 | Ep 026 | Rew: -196.52 | Val:   17524.39 | EMA:   30404.34 | Noise: 0.038 | Oracle: 0.75
2026-01-22 01:19:54 | INFO     | main:128 | Ep 027 | Rew: -155.76 | Val:   29438.85 | EMA:   30307.79 | Noise: 0.037 | Oracle: 0.74
2026-01-22 01:20:35 | INFO     | main:128 | Ep 028 | Rew: -131.52 | Val:   41744.57 | EMA:   31451.46 | Noise: 0.036 | Oracle: 0.73
2026-01-22 01:21:17 | INFO     | main:128 | Ep 029 | Rew:  -77.65 | Val:   63125.20 | EMA:   34618.84 | Noise: 0.036 | Oracle: 0.72
2026-01-22 01:21:59 | INFO     | main:128 | Ep 030 | Rew: -125.51 | Val:   43864.25 | EMA:   35543.38 | Noise: 0.035 | Oracle: 0.71
2026-01-22 01:21:59 | INFO     | main:151 | Best Model Saved: EMA Value: 35543.38
2026-01-22 01:22:42 | INFO     | main:128 | Ep 031 | Rew:  -87.35 | Val:   61860.14 | EMA:   38175.06 | Noise: 0.035 | Oracle: 0.70
2026-01-22 01:22:42 | INFO     | main:151 | Best Model Saved: EMA Value: 38175.06
2026-01-22 01:23:24 | INFO     | main:128 | Ep 032 | Rew:  -70.50 | Val:   70214.28 | EMA:   41378.98 | Noise: 0.034 | Oracle: 0.69
2026-01-22 01:23:24 | INFO     | main:151 | Best Model Saved: EMA Value: 41378.98
2026-01-22 01:24:06 | INFO     | main:128 | Ep 033 | Rew:  -59.06 | Val:   83873.42 | EMA:   45628.42 | Noise: 0.034 | Oracle: 0.68
2026-01-22 01:24:06 | INFO     | main:151 | Best Model Saved: EMA Value: 45628.42
2026-01-22 01:24:48 | INFO     | main:128 | Ep 034 | Rew:   -5.32 | Val:  154969.89 | EMA:   56562.57 | Noise: 0.033 | Oracle: 0.67
2026-01-22 01:24:48 | INFO     | main:151 | Best Model Saved: EMA Value: 56562.57
2026-01-22 01:25:30 | INFO     | main:128 | Ep 035 | Rew:    6.24 | Val:  167881.79 | EMA:   67694.49 | Noise: 0.033 | Oracle: 0.66
2026-01-22 01:25:30 | INFO     | main:151 | Best Model Saved: EMA Value: 67694.49
2026-01-22 01:26:13 | INFO     | main:128 | Ep 036 | Rew:    1.47 | Val:  161184.89 | EMA:   77043.53 | Noise: 0.033 | Oracle: 0.65
2026-01-22 01:26:13 | INFO     | main:151 | Best Model Saved: EMA Value: 77043.53
2026-01-22 01:26:55 | INFO     | main:128 | Ep 037 | Rew:   70.35 | Val:  307808.34 | EMA:  100120.01 | Noise: 0.032 | Oracle: 0.64
2026-01-22 01:26:55 | INFO     | main:151 | Best Model Saved: EMA Value: 100120.01
2026-01-22 01:27:37 | INFO     | main:128 | Ep 038 | Rew:   81.02 | Val:  340306.37 | EMA:  124138.65 | Noise: 0.032 | Oracle: 0.63
2026-01-22 01:27:37 | INFO     | main:151 | Best Model Saved: EMA Value: 124138.65
2026-01-22 01:28:20 | INFO     | main:128 | Ep 039 | Rew:  131.89 | Val:  575117.16 | EMA:  169236.50 | Noise: 0.031 | Oracle: 0.62
2026-01-22 01:28:20 | INFO     | main:151 | Best Model Saved: EMA Value: 169236.50
2026-01-22 01:29:02 | INFO     | main:128 | Ep 040 | Rew:  115.92 | Val:  467724.58 | EMA:  199085.31 | Noise: 0.030 | Oracle: 0.61
2026-01-22 01:29:02 | INFO     | main:151 | Best Model Saved: EMA Value: 199085.31
2026-01-22 01:29:45 | INFO     | main:128 | Ep 041 | Rew:  125.76 | Val:  552387.21 | EMA:  234415.50 | Noise: 0.030 | Oracle: 0.60
2026-01-22 01:29:45 | INFO     | main:151 | Best Model Saved: EMA Value: 234415.50
2026-01-22 01:30:27 | INFO     | main:128 | Ep 042 | Rew:  117.27 | Val:  555107.79 | EMA:  266484.73 | Noise: 0.030 | Oracle: 0.59
2026-01-22 01:30:27 | INFO     | main:151 | Best Model Saved: EMA Value: 266484.73
2026-01-22 01:31:10 | INFO     | main:128 | Ep 043 | Rew:  208.59 | Val: 1459267.19 | EMA:  385762.97 | Noise: 0.029 | Oracle: 0.58
2026-01-22 01:31:10 | INFO     | main:151 | Best Model Saved: EMA Value: 385762.97
2026-01-22 01:31:52 | INFO     | main:128 | Ep 044 | Rew:  148.15 | Val:  747846.99 | EMA:  421971.37 | Noise: 0.029 | Oracle: 0.57
2026-01-22 01:31:52 | INFO     | main:151 | Best Model Saved: EMA Value: 421971.37
2026-01-22 01:32:35 | INFO     | main:128 | Ep 045 | Rew:  158.35 | Val:  818090.29 | EMA:  461583.27 | Noise: 0.028 | Oracle: 0.56
2026-01-22 01:32:35 | INFO     | main:151 | Best Model Saved: EMA Value: 461583.27
2026-01-22 01:33:18 | INFO     | main:128 | Ep 046 | Rew:  238.53 | Val: 2271181.13 | EMA:  642543.05 | Noise: 0.028 | Oracle: 0.55
2026-01-22 01:33:18 | INFO     | main:151 | Best Model Saved: EMA Value: 642543.05
2026-01-22 01:34:01 | INFO     | main:128 | Ep 047 | Rew:  287.37 | Val: 3532043.20 | EMA:  931493.07 | Noise: 0.027 | Oracle: 0.54
2026-01-22 01:34:01 | INFO     | main:151 | Best Model Saved: EMA Value: 931493.07
2026-01-22 01:34:43 | INFO     | main:128 | Ep 048 | Rew:  293.41 | Val: 4988677.85 | EMA: 1337211.55 | Noise: 0.027 | Oracle: 0.53
2026-01-22 01:34:43 | INFO     | main:151 | Best Model Saved: EMA Value: 1337211.55
2026-01-22 01:35:26 | INFO     | main:128 | Ep 049 | Rew:  297.05 | Val: 4745036.61 | EMA: 1677994.05 | Noise: 0.026 | Oracle: 0.52
2026-01-22 01:35:26 | INFO     | main:151 | Best Model Saved: EMA Value: 1677994.05
2026-01-22 01:36:08 | INFO     | main:128 | Ep 050 | Rew:  385.94 | Val: 12224417.46 | EMA: 2732636.39 | Noise: 0.026 | Oracle: 0.51
2026-01-22 01:36:08 | INFO     | main:151 | Best Model Saved: EMA Value: 2732636.39
2026-01-22 01:36:51 | INFO     | main:128 | Ep 051 | Rew:  331.24 | Val: 6856421.16 | EMA: 3145014.87 | Noise: 0.025 | Oracle: 0.50
2026-01-22 01:36:51 | INFO     | main:151 | Best Model Saved: EMA Value: 3145014.87
2026-01-22 01:37:34 | INFO     | main:128 | Ep 052 | Rew:  124.47 | Val: 1395645.29 | EMA: 2970077.91 | Noise: 0.025 | Oracle: 0.49
2026-01-22 01:38:16 | INFO     | main:128 | Ep 053 | Rew:   55.82 | Val:  561792.86 | EMA: 2729249.41 | Noise: 0.024 | Oracle: 0.48
2026-01-22 01:38:59 | INFO     | main:128 | Ep 054 | Rew:  119.39 | Val:  961049.72 | EMA: 2552429.44 | Noise: 0.024 | Oracle: 0.47
2026-01-22 01:39:42 | INFO     | main:128 | Ep 055 | Rew:   43.66 | Val:  649096.17 | EMA: 2362096.11 | Noise: 0.023 | Oracle: 0.46
2026-01-22 01:40:24 | INFO     | main:128 | Ep 056 | Rew:    8.66 | Val:  460093.21 | EMA: 2171895.82 | Noise: 0.022 | Oracle: 0.45
2026-01-22 01:41:07 | INFO     | main:128 | Ep 057 | Rew:    0.30 | Val:  300039.19 | EMA: 1984710.16 | Noise: 0.022 | Oracle: 0.44
2026-01-22 01:41:50 | INFO     | main:128 | Ep 058 | Rew:   19.26 | Val:  442241.95 | EMA: 1830463.34 | Noise: 0.022 | Oracle: 0.43
2026-01-22 01:42:32 | INFO     | main:128 | Ep 059 | Rew:  -57.45 | Val:   88932.03 | EMA: 1656310.21 | Noise: 0.021 | Oracle: 0.42
2026-01-22 01:43:15 | INFO     | main:128 | Ep 060 | Rew:   71.79 | Val:  661081.07 | EMA: 1556787.29 | Noise: 0.021 | Oracle: 0.41
2026-01-22 01:43:57 | INFO     | main:128 | Ep 061 | Rew:  -52.59 | Val:  189945.58 | EMA: 1420103.12 | Noise: 0.020 | Oracle: 0.40
2026-01-22 01:44:40 | INFO     | main:128 | Ep 062 | Rew:  -40.69 | Val:  258128.00 | EMA: 1303905.61 | Noise: 0.020 | Oracle: 0.39
2026-01-22 01:45:23 | INFO     | main:128 | Ep 063 | Rew:  -62.19 | Val:  367421.63 | EMA: 1210257.21 | Noise: 0.019 | Oracle: 0.38
2026-01-22 01:46:06 | INFO     | main:128 | Ep 064 | Rew: -128.78 | Val:  207026.62 | EMA: 1109934.15 | Noise: 0.018 | Oracle: 0.37
2026-01-22 01:46:48 | INFO     | main:128 | Ep 065 | Rew: -129.70 | Val:  126271.48 | EMA: 1011567.89 | Noise: 0.018 | Oracle: 0.36
2026-01-22 01:47:30 | INFO     | main:128 | Ep 066 | Rew:  -67.61 | Val:  320047.50 | EMA:  942415.85 | Noise: 0.017 | Oracle: 0.35
2026-01-22 01:48:12 | INFO     | main:128 | Ep 067 | Rew:  -88.29 | Val:  257209.73 | EMA:  873895.23 | Noise: 0.017 | Oracle: 0.34
2026-01-22 01:48:53 | INFO     | main:128 | Ep 068 | Rew: -118.35 | Val:  380222.78 | EMA:  824527.99 | Noise: 0.016 | Oracle: 0.33
2026-01-22 01:49:35 | INFO     | main:128 | Ep 069 | Rew:  -30.59 | Val:  936637.46 | EMA:  835738.94 | Noise: 0.016 | Oracle: 0.32
2026-01-22 01:50:17 | INFO     | main:128 | Ep 070 | Rew: -152.50 | Val:  266169.11 | EMA:  778781.95 | Noise: 0.016 | Oracle: 0.31
2026-01-22 01:50:58 | INFO     | main:128 | Ep 071 | Rew:  -52.68 | Val:  790533.00 | EMA:  779957.06 | Noise: 0.015 | Oracle: 0.30
2026-01-22 01:51:40 | INFO     | main:128 | Ep 072 | Rew:  -22.32 | Val: 1047026.48 | EMA:  806664.00 | Noise: 0.015 | Oracle: 0.29
2026-01-22 01:52:22 | INFO     | main:128 | Ep 073 | Rew:  -28.19 | Val:  947951.06 | EMA:  820792.71 | Noise: 0.014 | Oracle: 0.28
2026-01-22 01:53:04 | INFO     | main:128 | Ep 074 | Rew:  -35.35 | Val:  959660.27 | EMA:  834679.46 | Noise: 0.014 | Oracle: 0.27
2026-01-22 01:53:46 | INFO     | main:128 | Ep 075 | Rew:  -30.16 | Val:  967515.42 | EMA:  847963.06 | Noise: 0.013 | Oracle: 0.26
2026-01-22 01:54:28 | INFO     | main:128 | Ep 076 | Rew:  -60.72 | Val:  680997.00 | EMA:  831266.45 | Noise: 0.013 | Oracle: 0.25
2026-01-22 01:55:10 | INFO     | main:128 | Ep 077 | Rew:   -8.24 | Val:  742637.38 | EMA:  822403.55 | Noise: 0.012 | Oracle: 0.24
2026-01-22 01:55:52 | INFO     | main:128 | Ep 078 | Rew:   40.09 | Val: 1197899.91 | EMA:  859953.18 | Noise: 0.011 | Oracle: 0.23
2026-01-22 01:56:34 | INFO     | main:128 | Ep 079 | Rew:  -75.18 | Val:  549998.49 | EMA:  828957.71 | Noise: 0.011 | Oracle: 0.22
2026-01-22 01:57:16 | INFO     | main:128 | Ep 080 | Rew:  -29.80 | Val: 1140397.25 | EMA:  860101.67 | Noise: 0.010 | Oracle: 0.21
2026-01-22 01:57:57 | INFO     | main:128 | Ep 081 | Rew:  -25.02 | Val: 1157527.25 | EMA:  889844.22 | Noise: 0.010 | Oracle: 0.20
2026-01-22 01:58:39 | INFO     | main:128 | Ep 082 | Rew:  -22.89 | Val: 1215384.57 | EMA:  922398.26 | Noise: 0.010 | Oracle: 0.19
2026-01-22 01:59:21 | INFO     | main:128 | Ep 083 | Rew:  -19.16 | Val: 1212232.81 | EMA:  951381.71 | Noise: 0.010 | Oracle: 0.18
2026-01-22 02:00:03 | INFO     | main:128 | Ep 084 | Rew:  -22.84 | Val: 1217395.43 | EMA:  977983.09 | Noise: 0.010 | Oracle: 0.17
2026-01-22 02:00:45 | INFO     | main:128 | Ep 085 | Rew:  -21.80 | Val: 1223910.55 | EMA: 1002575.83 | Noise: 0.010 | Oracle: 0.16
2026-01-22 02:01:26 | INFO     | main:128 | Ep 086 | Rew:  -19.39 | Val: 1267912.52 | EMA: 1029109.50 | Noise: 0.010 | Oracle: 0.15
2026-01-22 02:02:08 | INFO     | main:128 | Ep 087 | Rew:  -30.99 | Val: 1093028.10 | EMA: 1035501.36 | Noise: 0.010 | Oracle: 0.14
2026-01-22 02:02:50 | INFO     | main:128 | Ep 088 | Rew:  -28.32 | Val: 1160151.04 | EMA: 1047966.33 | Noise: 0.010 | Oracle: 0.13
2026-01-22 02:03:32 | INFO     | main:128 | Ep 089 | Rew:  -24.87 | Val: 1196634.05 | EMA: 1062833.10 | Noise: 0.010 | Oracle: 0.12
2026-01-22 02:04:14 | INFO     | main:128 | Ep 090 | Rew:  -29.25 | Val: 1158191.91 | EMA: 1072368.98 | Noise: 0.010 | Oracle: 0.11
2026-01-22 02:04:57 | INFO     | main:128 | Ep 091 | Rew:  -32.31 | Val: 1167857.40 | EMA: 1081917.82 | Noise: 0.010 | Oracle: 0.10
2026-01-22 02:05:39 | INFO     | main:128 | Ep 092 | Rew:  -20.15 | Val: 1287320.73 | EMA: 1102458.11 | Noise: 0.010 | Oracle: 0.09
2026-01-22 02:06:22 | INFO     | main:128 | Ep 093 | Rew:  -21.30 | Val: 1246894.68 | EMA: 1116901.77 | Noise: 0.010 | Oracle: 0.08
2026-01-22 02:07:05 | INFO     | main:128 | Ep 094 | Rew:  -25.16 | Val: 1181098.58 | EMA: 1123321.45 | Noise: 0.010 | Oracle: 0.07
2026-01-22 02:07:47 | INFO     | main:128 | Ep 095 | Rew:  -22.44 | Val: 1236762.52 | EMA: 1134665.56 | Noise: 0.010 | Oracle: 0.06
2026-01-22 02:08:30 | INFO     | main:128 | Ep 096 | Rew:  -24.43 | Val: 1204609.07 | EMA: 1141659.91 | Noise: 0.010 | Oracle: 0.05
2026-01-22 02:09:12 | INFO     | main:128 | Ep 097 | Rew:  -20.60 | Val: 1218440.55 | EMA: 1149337.97 | Noise: 0.010 | Oracle: 0.04
2026-01-22 02:09:55 | INFO     | main:128 | Ep 098 | Rew:  -28.64 | Val: 1173830.69 | EMA: 1151787.24 | Noise: 0.010 | Oracle: 0.03
2026-01-22 02:10:37 | INFO     | main:128 | Ep 099 | Rew:  -20.87 | Val: 1231209.30 | EMA: 1159729.45 | Noise: 0.010 | Oracle: 0.02
2026-01-22 02:11:20 | INFO     | main:128 | Ep 100 | Rew:  -22.97 | Val: 1227319.81 | EMA: 1166488.49 | Noise: 0.010 | Oracle: 0.01
